# JRE version: OpenJDK Runtime Environment (16.0.1+9) (build 16.0.1+9-24)
# Java VM: OpenJDK 64-Bit Server VM (16.0.1+9-24, mixed mode, tiered, compressed oops, compressed class ptrs, g1 gc, linux-amd64)
GC Precious Log:
 CPUs: 12 total, 12 available
 Memory: 15856M
 Large Page Support: Disabled
 NUMA Support: Disabled
 Compressed Oops: Enabled (32-bit)
 Heap Region Size: 1M
 Heap Min Capacity: 256M
 Heap Initial Capacity: 256M
 Heap Max Capacity: 2G
 Pre-touch: Disabled
 Parallel Workers: 10
 Concurrent Workers: 3
 Concurrent Refinement Workers: 10
 Periodic GC: Disabled
Heap:
 garbage-first heap   total 262144K, used 65972K [0x0000000080000000, 0x0000000100000000)
  region size 1024K, 36 young (36864K), 8 survivors (8192K)
 Metaspace       used 36250K, committed 37056K, reserved 1089536K
  class space    used 3842K, committed 4160K, reserved 1048576K
GC Heap History (8 events):
Event: 0.441 GC heap before
{Heap before GC invocations=0 (full 0):
 garbage-first heap   total 262144K, used 22528K [0x0000000080000000, 0x0000000100000000)
  region size 1024K, 23 young (23552K), 0 survivors (0K)
 Metaspace       used 12090K, committed 12224K, reserved 1064960K
  class space    used 1079K, committed 1152K, reserved 1048576K
}
Event: 0.447 GC heap after
{Heap after GC invocations=1 (full 0):
 garbage-first heap   total 262144K, used 8228K [0x0000000080000000, 0x0000000100000000)
  region size 1024K, 3 young (3072K), 3 survivors (3072K)
 Metaspace       used 12090K, committed 12224K, reserved 1064960K
  class space    used 1079K, committed 1152K, reserved 1048576K
}
Event: 0.760 GC heap before
{Heap before GC invocations=1 (full 0):
 garbage-first heap   total 262144K, used 30756K [0x0000000080000000, 0x0000000100000000)
  region size 1024K, 26 young (26624K), 3 survivors (3072K)
 Metaspace       used 17433K, committed 17728K, reserved 1073152K
  class space    used 1641K, committed 1792K, reserved 1048576K
}
Event: 0.765 GC heap after
{Heap after GC invocations=2 (full 0):
 garbage-first heap   total 262144K, used 12448K [0x0000000080000000, 0x0000000100000000)
  region size 1024K, 4 young (4096K), 4 survivors (4096K)
 Metaspace       used 17433K, committed 17728K, reserved 1073152K
  class space    used 1641K, committed 1792K, reserved 1048576K
}
Event: 0.936 GC heap before
{Heap before GC invocations=2 (full 0):
 garbage-first heap   total 262144K, used 23712K [0x0000000080000000, 0x0000000100000000)
  region size 1024K, 17 young (17408K), 4 survivors (4096K)
 Metaspace       used 20812K, committed 21248K, reserved 1073152K
  class space    used 2001K, committed 2176K, reserved 1048576K
}
Event: 0.941 GC heap after
{Heap after GC invocations=3 (full 0):
 garbage-first heap   total 262144K, used 15812K [0x0000000080000000, 0x0000000100000000)
  region size 1024K, 4 young (4096K), 4 survivors (4096K)
 Metaspace       used 20812K, committed 21248K, reserved 1073152K
  class space    used 2001K, committed 2176K, reserved 1048576K
}
Event: 2.226 GC heap before
{Heap before GC invocations=4 (full 0):
 garbage-first heap   total 262144K, used 60868K [0x0000000080000000, 0x0000000100000000)
  region size 1024K, 49 young (50176K), 4 survivors (4096K)
 Metaspace       used 34673K, committed 35520K, reserved 1081344K
  class space    used 3684K, committed 4032K, reserved 1048576K
}
Event: 2.231 GC heap after
{Heap after GC invocations=5 (full 0):
 garbage-first heap   total 262144K, used 23988K [0x0000000080000000, 0x0000000100000000)
  region size 1024K, 8 young (8192K), 8 survivors (8192K)
 Metaspace       used 34673K, committed 35520K, reserved 1081344K
  class space    used 3684K, committed 4032K, reserved 1048576K
}

